<?xml version="1.0" encoding="UTF-8"?>
<testsuite name="FibonacciTest" tests="7" skipped="0" failures="0" errors="0" timestamp="2018-02-08T18:41:42" hostname="MacBook-Pro.local" time="0.002">
  <properties/>
  <testcase name="sixthelementisfive" classname="FibonacciTest" time="0.001"/>
  <testcase name="goingFurther" classname="FibonacciTest" time="0.0"/>
  <testcase name="thirdElementIsOne" classname="FibonacciTest" time="0.0"/>
  <testcase name="forthElementIsTwo" classname="FibonacciTest" time="0.0"/>
  <testcase name="fifthElementIsThree" classname="FibonacciTest" time="0.0"/>
  <testcase name="secondElementIsOne" classname="FibonacciTest" time="0.0"/>
  <testcase name="firstElementIsZero" classname="FibonacciTest" time="0.0"/>
  <system-out><![CDATA[]]></system-out>
  <system-err><![CDATA[]]></system-err>
</testsuite>
