<?xml version="1.0" encoding="UTF-8"?>
<testsuite name="MarsRoverTest" tests="1" skipped="0" failures="0" errors="0" timestamp="2018-02-08T18:41:42" hostname="MacBook-Pro.local" time="0.001">
  <properties/>
  <testcase name="Hello" classname="MarsRoverTest" time="0.001"/>
  <system-out><![CDATA[]]></system-out>
  <system-err><![CDATA[]]></system-err>
</testsuite>
