<?xml version="1.0" encoding="UTF-8"?>
<testsuite name="ControllerTests" tests="1" skipped="0" failures="0" errors="0" timestamp="2018-02-08T18:41:42" hostname="MacBook-Pro.local" time="0.318">
  <properties/>
  <testcase name="SaveTheNewOrder" classname="ControllerTests" time="0.318"/>
  <system-out><![CDATA[]]></system-out>
  <system-err><![CDATA[]]></system-err>
</testsuite>
